[23:24:25] [Client thread/INFO]: Setting user: GNUiannjh
[23:24:25] [Client thread/INFO]: (Session ID is token:eyJraWQiOiIwNDkxODEiLCJhbGciOiJSUzI1NiJ9.eyJ4dWlkIjoiMjUzNTQ0NTE4NTEwNTEzNiIsImFnZyI6IkFkdWx0Iiwic3ViIjoiM2U3N2E2ZDQtYTU5Ny00MmUxLWIwYTAtMzM5MjNlM2VjYTQzIiwiYXV0aCI6IlhCT1giLCJucyI6ImRlZmF1bHQiLCJyb2xlcyI6W10sImlzcyI6ImF1dGhlbnRpY2F0aW9uIiwiZmxhZ3MiOlsib3JkZXJzXzIwMjIiLCJtdWx0aXBsYXllciIsInR3b2ZhY3RvcmF1dGgiLCJtc2FtaWdyYXRpb25fc3RhZ2U0Il0sInByb2ZpbGVzIjp7Im1jIjoiODM1NmYwYTctZDE3ZS00N2RjLWJmMmYtNGExOThhZWM2YmNhIn0sInBsYXRmb3JtIjoiVU5LTk9XTiIsInl1aWQiOiIzNzI4NzFjOGFiNzhkZGE2MDllY2M0ODVjN2ZjN2Y2YSIsIm5iZiI6MTc0NzkyNDM3MSwiZXhwIjoxNzQ4MDEwNzcxLCJpYXQiOjE3NDc5MjQzNzF9.gOnayPk4U_gxAnkZhrFEpEpG6rMOre8v66TgVqhhBIM-7gXy-iqqIHtSLQFJtiecP9ubq7H0_jV12iGda_aDCDAhs67HDvYNcuwwaTrUJPWdq9zWezYSrFjfj9xmNBSS5U790GEGNi5jJzmZtgMvjjQo13fsBf-IUPzhSJ_V4BV0AQNssJNtH2uBot0PXYxhPuh3CF1YAxv-qS5A8N8hb8KFusufwPxdb2UPyiv-hEvngvggLM9w1fQhXgkPlrWXDNSiNYpB0siMpezT2j_83o7xM4dDoTuXTKZcdlNKCJZlUFrzNJdPeFTA-TXqWu1D9A0VKPesEuHHcd5VDm3x4Q:8356f0a7d17e47dcbf2f4a198aec6bca)
[23:24:26] [Client thread/INFO]: LWJGL Version: 2.9.4
[23:24:27] [Client thread/INFO]: Reloading ResourceManager: Default, ! §bSurf §3[§f16x§3]§8.zip
[23:24:27] [Client thread/WARN]: ResourcePack: ignored non-lowercase namespace: %s in %s
[23:24:27] [Client thread/ERROR]: Couldn't initialize twitch stream
[23:24:27] [Sound Library Loader/INFO]: Starting up SoundSystem...
[23:24:27] [Thread-7/INFO]: Initializing LWJGL OpenAL
[23:24:27] [Thread-7/INFO]: (The LWJGL binding of OpenAL.  For more information, see http://www.lwjgl.org)
[23:24:27] [Thread-7/INFO]: OpenAL initialized.
[23:24:27] [Sound Library Loader/INFO]: Sound engine started
[23:24:28] [Client thread/INFO]: Created: 2048x1024 textures-atlas
[23:24:32] [Server thread/INFO]: Starting integrated minecraft server version 1.8.8
[23:24:32] [Server thread/INFO]: Generating keypair
[23:24:32] [Server thread/INFO]: Preparing start region for level 0
[23:24:32] [Server thread/INFO]: Changing view distance to 6, from 10
[23:24:32] [Server thread/INFO]: GNUiannjh[local:E:09329d7b] logged in with entity id 162 at (1837.7283336451944, 18.80595108334645, -395.7083520177508)
[23:24:32] [Server thread/INFO]: GNUiannjh joined the game
[23:24:32] [Client thread/INFO]: [CHAT] A new §eOptiFine§f version is available: §eHD Ultra I7§f
[23:24:33] [Server thread/INFO]: Saving and pausing game...
[23:24:33] [Server thread/INFO]: Saving chunks for level 'New World'/Overworld
[23:24:33] [Server thread/INFO]: Saving chunks for level 'New World'/Nether
[23:24:33] [Server thread/INFO]: Saving chunks for level 'New World'/The End
[23:27:51] [Server thread/INFO]: Saving and pausing game...
[23:27:51] [Server thread/INFO]: Saving chunks for level 'New World'/Overworld
[23:27:51] [Server thread/INFO]: Saving chunks for level 'New World'/Nether
[23:27:51] [Server thread/INFO]: Saving chunks for level 'New World'/The End
[23:27:51] [Server thread/INFO]: Stopping server
[23:27:51] [Server thread/INFO]: Saving players
[23:27:51] [Server thread/INFO]: Saving worlds
[23:27:51] [Server thread/INFO]: Saving chunks for level 'New World'/Overworld
[23:27:51] [Server thread/INFO]: Saving chunks for level 'New World'/Nether
[23:27:51] [Server thread/INFO]: Saving chunks for level 'New World'/The End
[23:27:53] [Client thread/ERROR]: Can't ping potpvp.cc: Disconnected
[23:27:56] [Client thread/ERROR]: Can't ping potpvp.cc: Disconnected
[23:27:58] [Server thread/INFO]: Starting integrated minecraft server version 1.8.8
[23:27:58] [Server thread/INFO]: Generating keypair
[23:27:58] [Server thread/INFO]: Preparing start region for level 0
[23:27:59] [Server thread/INFO]: Changing view distance to 6, from 10
[23:27:59] [Server thread/INFO]: GNUiannjh[local:E:16db6cde] logged in with entity id 1084504 at (1818.6741163932008, 20.390121641912327, -450.47131862171034)
[23:27:59] [Server thread/INFO]: GNUiannjh joined the game
[23:27:59] [Server thread/INFO]: Saving and pausing game...
[23:27:59] [Server thread/INFO]: Saving chunks for level 'New World'/Overworld
[23:27:59] [Server thread/INFO]: Saving chunks for level 'New World'/Nether
[23:27:59] [Server thread/INFO]: Saving chunks for level 'New World'/The End
[23:28:46] [Server thread/INFO]: Saving and pausing game...
[23:28:46] [Server thread/INFO]: Saving chunks for level 'New World'/Overworld
[23:28:46] [Server thread/INFO]: Saving chunks for level 'New World'/Nether
[23:28:46] [Server thread/INFO]: Saving chunks for level 'New World'/The End
[23:31:51] [Server thread/INFO]: Stopping server
[23:31:51] [Server thread/INFO]: Saving players
[23:31:51] [Server thread/INFO]: Saving worlds
[23:31:51] [Server thread/INFO]: Saving chunks for level 'New World'/Overworld
[23:31:51] [Server thread/INFO]: Saving chunks for level 'New World'/Nether
[23:31:51] [Server thread/INFO]: Saving chunks for level 'New World'/The End
[23:31:51] [Client thread/INFO]: Stopping!
[23:31:51] [Client thread/INFO]: SoundSystem shutting down...
[23:31:51] [Client thread/WARN]: Author: Paul Lamb, www.paulscode.com
